Fatal error - Command Tool invoked with wrong parameters
Exit Code: 0x01

Exit Code: 0x00
Adapter #0

Enclosure Device ID: 32
Slot Number: 0
Enclosure position: 0
Device Id: 0
Sequence Number: 2
Media Error Count: 0
Other Error Count: 0
Predictive Failure Count: 0
Last Predictive Failure Event Seq Number: 0
PD Type: SAS
Raw Size: 558.911 GB [0x45dd2fb0 Sectors]
Non Coerced Size: 558.411 GB [0x45cd2fb0 Sectors]
Coerced Size: 558.375 GB [0x45cc0000 Sectors]
Firmware state: Online, Spun Up
SAS Address(0): 0x5000c50068596aa5
SAS Address(1): 0x0
Connected Port Number: 0(path0) 
Inquiry Data: SEAGATE ST3600057SS     ES666SL6FR7S            
FDE Capable: Not Capable
FDE Enable: Disable
Secured: Unsecured
Locked: Unlocked
Needs EKM Attention: No
Foreign State: None 
Device Speed: 6.0Gb/s 
Link Speed: 6.0Gb/s 
Media Type: Hard Disk Device
Drive Temperature :37C (98.60 F)



Enclosure Device ID: 32
Slot Number: 1
Enclosure position: 0
Device Id: 1
Sequence Number: 2
Media Error Count: 0
Other Error Count: 0
Predictive Failure Count: 0
Last Predictive Failure Event Seq Number: 0
PD Type: SAS
Raw Size: 558.911 GB [0x45dd2fb0 Sectors]
Non Coerced Size: 558.411 GB [0x45cd2fb0 Sectors]
Coerced Size: 558.375 GB [0x45cc0000 Sectors]
Firmware state: Online, Spun Up
SAS Address(0): 0x5000c50068597165
SAS Address(1): 0x0
Connected Port Number: 0(path0) 
Inquiry Data: SEAGATE ST3600057SS     ES666SL6FR4W            
FDE Capable: Not Capable
FDE Enable: Disable
Secured: Unsecured
Locked: Unlocked
Needs EKM Attention: No
Foreign State: None 
Device Speed: 6.0Gb/s 
Link Speed: 6.0Gb/s 
Media Type: Hard Disk Device
Drive Temperature :42C (107.60 F)



Enclosure Device ID: 32
Slot Number: 2
Enclosure position: 0
Device Id: 2
Sequence Number: 2
Media Error Count: 0
Other Error Count: 0
Predictive Failure Count: 0
Last Predictive Failure Event Seq Number: 0
PD Type: SAS
Raw Size: 558.911 GB [0x45dd2fb0 Sectors]
Non Coerced Size: 558.411 GB [0x45cd2fb0 Sectors]
Coerced Size: 558.375 GB [0x45cc0000 Sectors]
Firmware state: Online, Spun Up
SAS Address(0): 0x5000c500684f9a79
SAS Address(1): 0x0
Connected Port Number: 0(path0) 
Inquiry Data: SEAGATE ST3600057SS     ES666SL6DR03            
FDE Capable: Not Capable
FDE Enable: Disable
Secured: Unsecured
Locked: Unlocked
Needs EKM Attention: No
Foreign State: None 
Device Speed: 6.0Gb/s 
Link Speed: 6.0Gb/s 
Media Type: Hard Disk Device
Drive Temperature :39C (102.20 F)



Enclosure Device ID: 32
Slot Number: 3
Enclosure position: 0
Device Id: 3
Sequence Number: 2
Media Error Count: 0
Other Error Count: 0
Predictive Failure Count: 0
Last Predictive Failure Event Seq Number: 0
PD Type: SAS
Raw Size: 558.911 GB [0x45dd2fb0 Sectors]
Non Coerced Size: 558.411 GB [0x45cd2fb0 Sectors]
Coerced Size: 558.375 GB [0x45cc0000 Sectors]
Firmware state: Online, Spun Up
SAS Address(0): 0x5000c50068598981
SAS Address(1): 0x0
Connected Port Number: 0(path0) 
Inquiry Data: SEAGATE ST3600057SS     ES666SL6FQZ5            
FDE Capable: Not Capable
FDE Enable: Disable
Secured: Unsecured
Locked: Unlocked
Needs EKM Attention: No
Foreign State: None 
Device Speed: 6.0Gb/s 
Link Speed: 6.0Gb/s 
Media Type: Hard Disk Device
Drive Temperature :37C (98.60 F)



Enclosure Device ID: 32
Slot Number: 4
Enclosure position: 0
Device Id: 4
Sequence Number: 2
Media Error Count: 0
Other Error Count: 0
Predictive Failure Count: 0
Last Predictive Failure Event Seq Number: 0
PD Type: SAS
Raw Size: 558.911 GB [0x45dd2fb0 Sectors]
Non Coerced Size: 558.411 GB [0x45cd2fb0 Sectors]
Coerced Size: 558.375 GB [0x45cc0000 Sectors]
Firmware state: Online, Spun Up
SAS Address(0): 0x5000c50068595835
SAS Address(1): 0x0
Connected Port Number: 0(path0) 
Inquiry Data: SEAGATE ST3600057SS     ES666SL6FRD6            
FDE Capable: Not Capable
FDE Enable: Disable
Secured: Unsecured
Locked: Unlocked
Needs EKM Attention: No
Foreign State: None 
Device Speed: 6.0Gb/s 
Link Speed: 6.0Gb/s 
Media Type: Hard Disk Device
Drive Temperature :40C (104.00 F)



Enclosure Device ID: 32
Slot Number: 5
Enclosure position: 0
Device Id: 5
Sequence Number: 2
Media Error Count: 0
Other Error Count: 0
Predictive Failure Count: 0
Last Predictive Failure Event Seq Number: 0
PD Type: SAS
Raw Size: 558.911 GB [0x45dd2fb0 Sectors]
Non Coerced Size: 558.411 GB [0x45cd2fb0 Sectors]
Coerced Size: 558.375 GB [0x45cc0000 Sectors]
Firmware state: Online, Spun Up
SAS Address(0): 0x5000c5006857de31
SAS Address(1): 0x0
Connected Port Number: 0(path0) 
Inquiry Data: SEAGATE ST3600057SS     ES666SL6FW0Z            
FDE Capable: Not Capable
FDE Enable: Disable
Secured: Unsecured
Locked: Unlocked
Needs EKM Attention: No
Foreign State: None 
Device Speed: 6.0Gb/s 
Link Speed: 6.0Gb/s 
Media Type: Hard Disk Device
Drive Temperature :38C (100.40 F)



Enclosure Device ID: 32
Slot Number: 6
Enclosure position: 0
Device Id: 6
Sequence Number: 2
Media Error Count: 0
Other Error Count: 0
Predictive Failure Count: 0
Last Predictive Failure Event Seq Number: 0
PD Type: SAS
Raw Size: 558.911 GB [0x45dd2fb0 Sectors]
Non Coerced Size: 558.411 GB [0x45cd2fb0 Sectors]
Coerced Size: 558.375 GB [0x45cc0000 Sectors]
Firmware state: Online, Spun Up
SAS Address(0): 0x5000c5006857d5ad
SAS Address(1): 0x0
Connected Port Number: 0(path0) 
Inquiry Data: SEAGATE ST3600057SS     ES666SL6FW48            
FDE Capable: Not Capable
FDE Enable: Disable
Secured: Unsecured
Locked: Unlocked
Needs EKM Attention: No
Foreign State: None 
Device Speed: 6.0Gb/s 
Link Speed: 6.0Gb/s 
Media Type: Hard Disk Device
Drive Temperature :36C (96.80 F)



Enclosure Device ID: 32
Slot Number: 7
Enclosure position: 0
Device Id: 7
Sequence Number: 2
Media Error Count: 0
Other Error Count: 0
Predictive Failure Count: 0
Last Predictive Failure Event Seq Number: 0
PD Type: SAS
Raw Size: 558.911 GB [0x45dd2fb0 Sectors]
Non Coerced Size: 558.411 GB [0x45cd2fb0 Sectors]
Coerced Size: 558.375 GB [0x45cc0000 Sectors]
Firmware state: Online, Spun Up
SAS Address(0): 0x5000c50068555b71
SAS Address(1): 0x0
Connected Port Number: 0(path0) 
Inquiry Data: SEAGATE ST3600057SS     ES666SL6GNER            
FDE Capable: Not Capable
FDE Enable: Disable
Secured: Unsecured
Locked: Unlocked
Needs EKM Attention: No
Foreign State: None 
Device Speed: 6.0Gb/s 
Link Speed: 6.0Gb/s 
Media Type: Hard Disk Device
Drive Temperature :38C (100.40 F)



Enclosure Device ID: 32
Slot Number: 8
Enclosure position: 0
Device Id: 8
Sequence Number: 2
Media Error Count: 0
Other Error Count: 0
Predictive Failure Count: 0
Last Predictive Failure Event Seq Number: 0
PD Type: SAS
Raw Size: 558.911 GB [0x45dd2fb0 Sectors]
Non Coerced Size: 558.411 GB [0x45cd2fb0 Sectors]
Coerced Size: 558.375 GB [0x45cc0000 Sectors]
Firmware state: Online, Spun Up
SAS Address(0): 0x5000c500685daccd
SAS Address(1): 0x0
Connected Port Number: 0(path0) 
Inquiry Data: SEAGATE ST3600057SS     ES666SL6GT60            
FDE Capable: Not Capable
FDE Enable: Disable
Secured: Unsecured
Locked: Unlocked
Needs EKM Attention: No
Foreign State: None 
Device Speed: 6.0Gb/s 
Link Speed: 6.0Gb/s 
Media Type: Hard Disk Device
Drive Temperature :36C (96.80 F)



Enclosure Device ID: 32
Slot Number: 9
Enclosure position: 0
Device Id: 9
Sequence Number: 2
Media Error Count: 0
Other Error Count: 0
Predictive Failure Count: 0
Last Predictive Failure Event Seq Number: 0
PD Type: SAS
Raw Size: 558.911 GB [0x45dd2fb0 Sectors]
Non Coerced Size: 558.411 GB [0x45cd2fb0 Sectors]
Coerced Size: 558.375 GB [0x45cc0000 Sectors]
Firmware state: Online, Spun Up
SAS Address(0): 0x5000c5006859371d
SAS Address(1): 0x0
Connected Port Number: 0(path0) 
Inquiry Data: SEAGATE ST3600057SS     ES666SL6FS50            
FDE Capable: Not Capable
FDE Enable: Disable
Secured: Unsecured
Locked: Unlocked
Needs EKM Attention: No
Foreign State: None 
Device Speed: 6.0Gb/s 
Link Speed: 6.0Gb/s 
Media Type: Hard Disk Device
Drive Temperature :36C (96.80 F)



Enclosure Device ID: 32
Slot Number: 10
Enclosure position: 0
Device Id: 10
Sequence Number: 2
Media Error Count: 0
Other Error Count: 0
Predictive Failure Count: 0
Last Predictive Failure Event Seq Number: 0
PD Type: SAS
Raw Size: 558.911 GB [0x45dd2fb0 Sectors]
Non Coerced Size: 558.411 GB [0x45cd2fb0 Sectors]
Coerced Size: 558.375 GB [0x45cc0000 Sectors]
Firmware state: Online, Spun Up
SAS Address(0): 0x5000c500685bca49
SAS Address(1): 0x0
Connected Port Number: 0(path0) 
Inquiry Data: SEAGATE ST3600057SS     ES666SL6H0J3            
FDE Capable: Not Capable
FDE Enable: Disable
Secured: Unsecured
Locked: Unlocked
Needs EKM Attention: No
Foreign State: None 
Device Speed: 6.0Gb/s 
Link Speed: 6.0Gb/s 
Media Type: Hard Disk Device
Drive Temperature :38C (100.40 F)



Enclosure Device ID: 32
Slot Number: 11
Enclosure position: 0
Device Id: 11
Sequence Number: 2
Media Error Count: 0
Other Error Count: 0
Predictive Failure Count: 0
Last Predictive Failure Event Seq Number: 0
PD Type: SAS
Raw Size: 558.911 GB [0x45dd2fb0 Sectors]
Non Coerced Size: 558.411 GB [0x45cd2fb0 Sectors]
Coerced Size: 558.375 GB [0x45cc0000 Sectors]
Firmware state: Online, Spun Up
SAS Address(0): 0x5000c50068582bb9
SAS Address(1): 0x0
Connected Port Number: 0(path0) 
Inquiry Data: SEAGATE ST3600057SS     ES666SL6FV9W            
FDE Capable: Not Capable
FDE Enable: Disable
Secured: Unsecured
Locked: Unlocked
Needs EKM Attention: No
Foreign State: None 
Device Speed: 6.0Gb/s 
Link Speed: 6.0Gb/s 
Media Type: Hard Disk Device
Drive Temperature :37C (98.60 F)



Enclosure Device ID: 32
Slot Number: 12
Enclosure position: 0
Device Id: 12
Sequence Number: 2
Media Error Count: 0
Other Error Count: 0
Predictive Failure Count: 0
Last Predictive Failure Event Seq Number: 0
PD Type: SAS
Raw Size: 558.911 GB [0x45dd2fb0 Sectors]
Non Coerced Size: 558.411 GB [0x45cd2fb0 Sectors]
Coerced Size: 558.375 GB [0x45cc0000 Sectors]
Firmware state: Online, Spun Up
SAS Address(0): 0x5000c5006890e521
SAS Address(1): 0x0
Connected Port Number: 0(path0) 
Inquiry Data: SEAGATE ST600MM0006     LS08S0M0GZ5X            
FDE Capable: Not Capable
FDE Enable: Disable
Secured: Unsecured
Locked: Unlocked
Needs EKM Attention: No
Foreign State: None 
Device Speed: 6.0Gb/s 
Link Speed: 6.0Gb/s 
Media Type: Hard Disk Device
Drive Temperature :53C (127.40 F)



Enclosure Device ID: 32
Slot Number: 13
Enclosure position: 0
Device Id: 13
Sequence Number: 2
Media Error Count: 0
Other Error Count: 0
Predictive Failure Count: 0
Last Predictive Failure Event Seq Number: 0
PD Type: SAS
Raw Size: 558.911 GB [0x45dd2fb0 Sectors]
Non Coerced Size: 558.411 GB [0x45cd2fb0 Sectors]
Coerced Size: 558.375 GB [0x45cc0000 Sectors]
Firmware state: Online, Spun Up
SAS Address(0): 0x5000c50068911c09
SAS Address(1): 0x0
Connected Port Number: 0(path0) 
Inquiry Data: SEAGATE ST600MM0006     LS08S0M0GTMM            
FDE Capable: Not Capable
FDE Enable: Disable
Secured: Unsecured
Locked: Unlocked
Needs EKM Attention: No
Foreign State: None 
Device Speed: 6.0Gb/s 
Link Speed: 6.0Gb/s 
Media Type: Hard Disk Device
Drive Temperature :52C (125.60 F)




Exit Code: 0x00
